[2022-03-28 18:18:57,526][__main__][INFO] - Starting the pipeline with device: cuda
[2022-03-28 18:20:19,422][__main__][INFO] - Starting the pipeline with device: cuda
[2022-03-28 18:20:32,557][__main__][INFO] - Epoch:0/15, Train Loss:123.90303254127502, Mean IOU:0.3269214292637296, 
[2022-03-28 18:20:43,659][__main__][INFO] - Epoch:1/15, Train Loss:57.53916555643082, Mean IOU:0.6588379869844202, 
[2022-03-28 18:21:03,134][__main__][INFO] - Starting the pipeline with device: cuda
[2022-03-28 18:21:15,188][__main__][INFO] - Epoch:0/15, Train Loss:61.093264043331146, Mean IOU:0.5701554394526007, 
[2022-03-28 18:22:13,045][__main__][INFO] - Starting the pipeline with device: cuda
[2022-03-28 18:22:13,047][__main__][INFO] - Using FPN architecture
[2022-03-28 18:26:49,470][__main__][INFO] - Starting the pipeline with device: cuda
[2022-03-28 18:26:49,471][__main__][INFO] - Using UNET architecture
[2022-03-28 18:26:49,584][__main__][INFO] - True
[2022-03-28 18:26:49,584][__main__][INFO] - 0.0001
[2022-03-28 18:26:49,584][__main__][INFO] - 5
[2022-03-28 18:27:02,625][__main__][INFO] - Epoch:0/15, Train Loss:127.35266590118408, Mean IOU:0.4371239442105506, 
[2022-03-28 18:35:30,881][__main__][INFO] - Starting the pipeline with device: cuda
[2022-03-28 18:35:30,883][__main__][INFO] - Using UNET architecture
[2022-03-28 18:35:44,000][__main__][INFO] - Epoch:0/15, Train Loss:110.6927490234375, Mean IOU:0.1887199047627624, 
[2022-03-28 18:35:55,006][__main__][INFO] - Epoch:1/15, Train Loss:48.993441700935364, Mean IOU:0.6461002200883847, 
[2022-03-28 18:36:06,032][__main__][INFO] - Epoch:2/15, Train Loss:15.714822381734848, Mean IOU:0.7393748548365183, 
[2022-03-28 18:40:09,138][__main__][INFO] - Starting the pipeline with device: cuda
[2022-03-28 18:40:09,140][__main__][INFO] - Using UNET architecture
[2022-03-28 18:41:37,705][__main__][INFO] - Starting the pipeline with device: cuda
[2022-03-28 18:41:37,707][__main__][INFO] - Using UNET architecture
[2022-03-28 18:42:24,579][__main__][INFO] - Starting the pipeline with device: cuda
[2022-03-28 18:42:24,581][__main__][INFO] - Using UNET architecture
[2022-03-28 18:42:38,845][__main__][INFO] - Starting the pipeline with device: cuda
[2022-03-28 18:42:38,847][__main__][INFO] - Using UNET architecture
[2022-03-28 18:43:14,884][__main__][INFO] - Starting the pipeline with device: cuda
[2022-03-28 18:43:14,885][__main__][INFO] - Using UNET architecture
[2022-03-28 18:43:28,386][__main__][INFO] - Epoch:0/15, Train Loss:100.57498466968536, Mean IOU:0.3929559582509594, 
